[00000.000000] 
[00000.000009]  /----------------------------------------------------------------------------\
[00000.000010]  |  yosys -- Yosys Open SYnthesis Suite                                       |
[00000.000010]  |  Copyright (C) 2012 - 2025  Claire Xenia Wolf <claire@yosyshq.com>         |
[00000.000010]  |  Distributed under an ISC-like license, type "license" to see terms        |
[00000.000011]  \----------------------------------------------------------------------------/
[00000.000011]  Yosys 0.59+134 (git sha1 34fa8a4ff, clang++ 17.0.0 -fPIC -O3)
[00000.000447] 
[00000.000450] -- Running command `read_json "/Users/jiaheng/FDU_files/Tao_group/partition_with_cycle_detection/Implement/Parallelized Technology Mapping to General PLBs by Adaptive Circuit Partitioning/yosys_profile/current.json"; proc; write_json "/Users/jiaheng/FDU_files/Tao_group/partition_with_cycle_detection/Implement/Parallelized Technology Mapping to General PLBs by Adaptive Circuit Partitioning/yosys_profile/current.json"' --
[00000.000455] 
[00000.000457] 1. Executing JSON frontend.
[00004.942822] Importing module top from JSON tree.
[00007.732641] 
[00007.732645] 2. Executing PROC pass (convert processes to netlists).
[00007.733377] 
[00007.733378] 2.1. Executing PROC_CLEAN pass (remove empty switches from decision trees).
[00007.733399] Cleaned up 0 empty switches.
[00007.733402] 
[00007.733402] 2.2. Executing PROC_RMDEAD pass (remove dead branches from decision trees).
[00007.733409] Removed a total of 0 dead cases.
[00007.733410] 
[00007.733411] 2.3. Executing PROC_PRUNE pass (remove redundant assignments in processes).
[00007.745797] Removed 0 redundant assignments.
[00007.746176] Promoted 0 assignments to connections.
[00007.746185] 
[00007.746186] 2.4. Executing PROC_INIT pass (extract init attributes).
[00007.755456] 
[00007.755460] 2.5. Executing PROC_ARST pass (detect async resets in processes).
[00007.763773] 
[00007.763775] 2.6. Executing PROC_ROM pass (convert switches to ROMs).
[00007.772129] Converted 0 switches.
[00007.772135] 
[00007.772136] 2.7. Executing PROC_MUX pass (convert decision trees to multiplexers).
[00007.772469] 
[00007.772470] 2.8. Executing PROC_DLATCH pass (convert process syncs to latches).
[00008.159185] 
[00008.159192] 2.9. Executing PROC_DFF pass (convert process syncs to FFs).
[00008.243686] 
[00008.243691] 2.10. Executing PROC_MEMWR pass (convert process memory writes to cells).
[00008.246018] 
[00008.246020] 2.11. Executing PROC_CLEAN pass (remove empty switches from decision trees).
[00008.246037] Cleaned up 0 empty switches.
[00008.246042] 
[00008.246042] 2.12. Executing OPT_EXPR pass (perform const folding).
[00008.246314] Optimizing module top.
[00008.958269] 
[00008.958274] 3. Executing JSON backend.

End of script. Logfile hash: 175b6f551b, CPU: user 11.42s system 0.87s, MEM: 4829.11 MB peak
Yosys 0.59+134 (git sha1 34fa8a4ff, clang++ 17.0.0 -fPIC -O3)
Time spent:
   63%     2 calls    7.657 sec read_json
   26%     2 calls    3.227 sec write_json
    5%     1 calls    0.704 sec opt_expr
    3%     1 calls    0.386 sec proc_dlatch
    0%     1 calls    0.084 sec proc_dff
    0%     1 calls    0.012 sec proc_prune
    0%     1 calls    0.009 sec proc_init
    0%     1 calls    0.008 sec proc_arst
    0%     1 calls    0.008 sec proc_rom
    0%     1 calls    0.002 sec proc_memwr
    0%     1 calls    0.000 sec proc
    0%     1 calls    0.000 sec proc_mux
    0%     2 calls    0.000 sec proc_clean
    0%     1 calls    0.000 sec proc_rmdead
    0%     0 calls    0.000 sec id_gc
