[00000.000000] 
[00000.000012]  /----------------------------------------------------------------------------\
[00000.000013]  |  yosys -- Yosys Open SYnthesis Suite                                       |
[00000.000013]  |  Copyright (C) 2012 - 2025  Claire Xenia Wolf <claire@yosyshq.com>         |
[00000.000014]  |  Distributed under an ISC-like license, type "license" to see terms        |
[00000.000014]  \----------------------------------------------------------------------------/
[00000.000015]  Yosys 0.59+134 (git sha1 34fa8a4ff, clang++ 17.0.0 -fPIC -O3)
[00000.000376] 
[00000.000379] -- Running command `read_json "/Users/jiaheng/FDU_files/Tao_group/partition_with_cycle_detection/Implement/Parallelized Technology Mapping to General PLBs by Adaptive Circuit Partitioning/yosys_profile/current.json"; write_json "/Users/jiaheng/FDU_files/Tao_group/partition_with_cycle_detection/Implement/Parallelized Technology Mapping to General PLBs by Adaptive Circuit Partitioning/yosys_profile/current.json"' --
[00000.000385] 
[00000.000387] 1. Executing JSON frontend.
[00004.372415] Importing module top from JSON tree.
[00006.559903] 
[00006.559908] 2. Executing JSON backend.

End of script. Logfile hash: 50e13b5694, CPU: user 8.97s system 0.68s, MEM: 4165.19 MB peak
Yosys 0.59+134 (git sha1 34fa8a4ff, clang++ 17.0.0 -fPIC -O3)
Time spent:
   69%     2 calls    6.551 sec read_json
   30%     2 calls    2.920 sec write_json
    0%     0 calls    0.000 sec id_gc
