[00000.000000] 
[00000.000013]  /----------------------------------------------------------------------------\
[00000.000014]  |  yosys -- Yosys Open SYnthesis Suite                                       |
[00000.000014]  |  Copyright (C) 2012 - 2025  Claire Xenia Wolf <claire@yosyshq.com>         |
[00000.000015]  |  Distributed under an ISC-like license, type "license" to see terms        |
[00000.000015]  \----------------------------------------------------------------------------/
[00000.000016]  Yosys 0.59+134 (git sha1 34fa8a4ff, clang++ 17.0.0 -fPIC -O3)
[00000.000394] 
[00000.000397] -- Running command `read_json "/Users/jiaheng/FDU_files/Tao_group/partition_with_cycle_detection/Implement/Parallelized Technology Mapping to General PLBs by Adaptive Circuit Partitioning/yosys_profile/current.json"; fsm; write_json "/Users/jiaheng/FDU_files/Tao_group/partition_with_cycle_detection/Implement/Parallelized Technology Mapping to General PLBs by Adaptive Circuit Partitioning/yosys_profile/current.json"' --
[00000.000403] 
[00000.000405] 1. Executing JSON frontend.
[00004.265318] Importing module top from JSON tree.
[00006.135057] 
[00006.135061] 2. Executing FSM pass (extract and optimize FSM).
[00006.135398] 
[00006.135401] 2.1. Executing FSM_DETECT pass (finding FSMs in design).
[00006.333663] 
[00006.333666] 2.2. Executing FSM_EXTRACT pass (extracting FSM from design).
[00006.526032] 
[00006.526038] 2.3. Executing FSM_OPT pass (simple optimizations of FSMs).
[00006.531567] 
[00006.531570] 2.4. Executing OPT_CLEAN pass (remove unused cells and wires).
[00006.531921] Finding unused cells or wires in module \top..
[00007.495296] 
[00007.495299] 2.5. Executing FSM_OPT pass (simple optimizations of FSMs).
[00007.500667] 
[00007.500670] 2.6. Executing FSM_RECODE pass (re-assigning FSM state encoding).
[00007.506086] 
[00007.506088] 2.7. Executing FSM_INFO pass (dumping all available information on FSM cells).
[00007.511410] 
[00007.511412] 2.8. Executing FSM_MAP pass (mapping FSMs to basic logic).
[00007.640969] 
[00007.640971] 3. Executing JSON backend.

End of script. Logfile hash: c6222873e0, CPU: user 9.64s system 0.66s, MEM: 3932.44 MB peak
Yosys 0.59+134 (git sha1 34fa8a4ff, clang++ 17.0.0 -fPIC -O3)
Time spent:
   59%     2 calls    6.067 sec read_json
   25%     2 calls    2.564 sec write_json
    9%     1 calls    0.964 sec opt_clean
    1%     1 calls    0.198 sec fsm_detect
    1%     1 calls    0.192 sec fsm_extract
    1%     1 calls    0.110 sec id_gc
    0%     2 calls    0.011 sec fsm_opt
    0%     1 calls    0.005 sec fsm_recode
    0%     1 calls    0.005 sec fsm_info
    0%     1 calls    0.005 sec fsm_map
    0%     1 calls    0.000 sec fsm
