[00000.000000] 
[00000.000009]  /----------------------------------------------------------------------------\
[00000.000010]  |  yosys -- Yosys Open SYnthesis Suite                                       |
[00000.000010]  |  Copyright (C) 2012 - 2025  Claire Xenia Wolf <claire@yosyshq.com>         |
[00000.000010]  |  Distributed under an ISC-like license, type "license" to see terms        |
[00000.000011]  \----------------------------------------------------------------------------/
[00000.000012]  Yosys 0.59+134 (git sha1 34fa8a4ff, clang++ 17.0.0 -fPIC -O3)
[00000.000385] 
[00000.000388] -- Running command `read_json "/Users/jiaheng/FDU_files/Tao_group/partition_with_cycle_detection/Implement/Parallelized Technology Mapping to General PLBs by Adaptive Circuit Partitioning/yosys_profile/current.json"; wreduce; write_json "/Users/jiaheng/FDU_files/Tao_group/partition_with_cycle_detection/Implement/Parallelized Technology Mapping to General PLBs by Adaptive Circuit Partitioning/yosys_profile/current.json"' --
[00000.000394] 
[00000.000395] 1. Executing JSON frontend.
[00003.892385] Importing module top from JSON tree.
[00005.763198] 
[00005.763203] 2. Executing WREDUCE pass (reducing word size of cells).
[00006.203757] 
[00006.203761] 3. Executing JSON backend.

End of script. Logfile hash: 4f318b2183, CPU: user 8.25s system 0.63s, MEM: 3701.16 MB peak
Yosys 0.59+134 (git sha1 34fa8a4ff, clang++ 17.0.0 -fPIC -O3)
Time spent:
   65%     2 calls    5.701 sec read_json
   29%     2 calls    2.582 sec write_json
    4%     1 calls    0.434 sec wreduce
    0%     0 calls    0.000 sec id_gc
