[00000.000000] 
[00000.000010]  /----------------------------------------------------------------------------\
[00000.000010]  |  yosys -- Yosys Open SYnthesis Suite                                       |
[00000.000011]  |  Copyright (C) 2012 - 2025  Claire Xenia Wolf <claire@yosyshq.com>         |
[00000.000011]  |  Distributed under an ISC-like license, type "license" to see terms        |
[00000.000011]  \----------------------------------------------------------------------------/
[00000.000012]  Yosys 0.59+134 (git sha1 34fa8a4ff, clang++ 17.0.0 -fPIC -O3)
[00000.000379] 
[00000.000382] -- Running command `read_json "/Users/jiaheng/FDU_files/Tao_group/partition_with_cycle_detection/Implement/Parallelized Technology Mapping to General PLBs by Adaptive Circuit Partitioning/yosys_profile/current.json"; alumacc; write_json "/Users/jiaheng/FDU_files/Tao_group/partition_with_cycle_detection/Implement/Parallelized Technology Mapping to General PLBs by Adaptive Circuit Partitioning/yosys_profile/current.json"' --
[00000.000387] 
[00000.000389] 1. Executing JSON frontend.
[00003.816014] Importing module top from JSON tree.
[00005.695965] 
[00005.695970] 2. Executing ALUMACC pass (create $alu and $macc cells).
[00005.696016] Extracting $alu and $macc cells in module top:
[00005.754812]   created 0 $alu and 0 $macc cells.
[00005.759306] 
[00005.759308] 3. Executing JSON backend.

End of script. Logfile hash: 129e6bfe3a, CPU: user 7.82s system 0.61s, MEM: 3660.56 MB peak
Yosys 0.59+134 (git sha1 34fa8a4ff, clang++ 17.0.0 -fPIC -O3)
Time spent:
   68%     2 calls    5.694 sec read_json
   30%     2 calls    2.524 sec write_json
    0%     1 calls    0.058 sec alumacc
    0%     0 calls    0.000 sec id_gc
