[00000.000000] 
[00000.000009]  /----------------------------------------------------------------------------\
[00000.000010]  |  yosys -- Yosys Open SYnthesis Suite                                       |
[00000.000011]  |  Copyright (C) 2012 - 2025  Claire Xenia Wolf <claire@yosyshq.com>         |
[00000.000011]  |  Distributed under an ISC-like license, type "license" to see terms        |
[00000.000011]  \----------------------------------------------------------------------------/
[00000.000012]  Yosys 0.59+134 (git sha1 34fa8a4ff, clang++ 17.0.0 -fPIC -O3)
[00000.000375] 
[00000.000377] -- Running command `read_json "/Users/jiaheng/FDU_files/Tao_group/partition_with_cycle_detection/Implement/Parallelized Technology Mapping to General PLBs by Adaptive Circuit Partitioning/yosys_profile/current.json"; share; write_json "/Users/jiaheng/FDU_files/Tao_group/partition_with_cycle_detection/Implement/Parallelized Technology Mapping to General PLBs by Adaptive Circuit Partitioning/yosys_profile/current.json"' --
[00000.000383] 
[00000.000384] 1. Executing JSON frontend.
[00003.836196] Importing module top from JSON tree.
[00005.742156] 
[00005.742161] 2. Executing SHARE pass (SAT-based resource sharing).
[00007.113695] 
[00007.113700] 3. Executing JSON backend.

End of script. Logfile hash: 97fe93b7a2, CPU: user 9.16s system 0.65s, MEM: 3949.09 MB peak
Yosys 0.59+134 (git sha1 34fa8a4ff, clang++ 17.0.0 -fPIC -O3)
Time spent:
   59%     2 calls    5.737 sec read_json
   26%     2 calls    2.538 sec write_json
   14%     1 calls    1.365 sec share
    0%     0 calls    0.000 sec id_gc
