[00000.000000] 
[00000.000009]  /----------------------------------------------------------------------------\
[00000.000010]  |  yosys -- Yosys Open SYnthesis Suite                                       |
[00000.000010]  |  Copyright (C) 2012 - 2025  Claire Xenia Wolf <claire@yosyshq.com>         |
[00000.000011]  |  Distributed under an ISC-like license, type "license" to see terms        |
[00000.000011]  \----------------------------------------------------------------------------/
[00000.000012]  Yosys 0.59+134 (git sha1 34fa8a4ff, clang++ 17.0.0 -fPIC -O3)
[00000.000383] 
[00000.000386] -- Running command `read_json "/Users/jiaheng/FDU_files/Tao_group/partition_with_cycle_detection/Implement/Parallelized Technology Mapping to General PLBs by Adaptive Circuit Partitioning/yosys_profile/current.json"; opt; write_json "/Users/jiaheng/FDU_files/Tao_group/partition_with_cycle_detection/Implement/Parallelized Technology Mapping to General PLBs by Adaptive Circuit Partitioning/yosys_profile/current.json"' --
[00000.000392] 
[00000.000393] 1. Executing JSON frontend.
[00003.825375] Importing module top from JSON tree.
[00005.741840] 
[00005.741845] 2. Executing OPT pass (performing simple optimizations).
[00005.741871] 
[00005.741872] 2.1. Executing OPT_EXPR pass (perform const folding).
[00005.742340] Optimizing module top.
[00006.717458] 
[00006.717463] 2.2. Executing OPT_MERGE pass (detect identical cells).
[00006.717673] Finding identical cells in module `\top'.
[00006.871370] Removed a total of 0 cells.
[00006.871380] 
[00006.871381] 2.3. Executing OPT_MUXTREE pass (detect dead branches in mux trees).
[00006.871411] Running muxtree optimizer on module \top..
[00006.871412]   Creating internal representation of mux trees.
[00006.967005]   No muxes found in this module.
[00006.967808] Removed 0 multiplexer ports.
[00006.967815] 
[00006.967816] 2.4. Executing OPT_REDUCE pass (consolidate $*mux and $reduce_* inputs).
[00006.967835]   Optimizing cells in module \top.
[00007.131918] Performed a total of 0 changes.
[00007.131928] 
[00007.131929] 2.5. Executing OPT_MERGE pass (detect identical cells).
[00007.132166] Finding identical cells in module `\top'.
[00007.316453] Removed a total of 0 cells.
[00007.316464] 
[00007.316466] 2.6. Executing OPT_DFF pass (perform DFF optimizations).
[00008.009196] 
[00008.009201] 2.7. Executing OPT_CLEAN pass (remove unused cells and wires).
[00008.009696] Finding unused cells or wires in module \top..
[00008.956578] 
[00008.956582] 2.8. Executing OPT_EXPR pass (perform const folding).
[00008.956807] Optimizing module top.
[00010.163763] 
[00010.163768] 2.9. Finished fast OPT passes. (There is nothing left to do.)
[00010.286253] 
[00010.286257] 3. Executing JSON backend.

End of script. Logfile hash: 92cd400e0f, CPU: user 12.31s system 0.70s, MEM: 4001.48 MB peak
Yosys 0.59+134 (git sha1 34fa8a4ff, clang++ 17.0.0 -fPIC -O3)
Time spent:
   44%     2 calls    5.738 sec read_json
   20%     2 calls    2.576 sec write_json
   15%     2 calls    1.982 sec opt_expr
    7%     1 calls    0.947 sec opt_clean
    5%     1 calls    0.692 sec opt_dff
    2%     2 calls    0.338 sec opt_merge
    1%     1 calls    0.201 sec opt
    1%     1 calls    0.164 sec opt_reduce
    0%     1 calls    0.109 sec id_gc
    0%     1 calls    0.096 sec opt_muxtree
