[00000.000000] 
[00000.000009]  /----------------------------------------------------------------------------\
[00000.000010]  |  yosys -- Yosys Open SYnthesis Suite                                       |
[00000.000010]  |  Copyright (C) 2012 - 2025  Claire Xenia Wolf <claire@yosyshq.com>         |
[00000.000010]  |  Distributed under an ISC-like license, type "license" to see terms        |
[00000.000011]  \----------------------------------------------------------------------------/
[00000.000011]  Yosys 0.59+134 (git sha1 34fa8a4ff, clang++ 17.0.0 -fPIC -O3)
[00000.000364] 
[00000.000367] -- Running command `read_json "/Users/jiaheng/FDU_files/Tao_group/partition_with_cycle_detection/Implement/Parallelized Technology Mapping to General PLBs by Adaptive Circuit Partitioning/yosys_profile/current.json"; opt -full; write_json "/Users/jiaheng/FDU_files/Tao_group/partition_with_cycle_detection/Implement/Parallelized Technology Mapping to General PLBs by Adaptive Circuit Partitioning/yosys_profile/current.json"' --
[00000.000373] 
[00000.000374] 1. Executing JSON frontend.
[00003.808004] Importing module top from JSON tree.
[00005.695817] 
[00005.695821] 2. Executing OPT pass (performing simple optimizations).
[00005.695847] 
[00005.695848] 2.1. Executing OPT_EXPR pass (perform const folding).
[00005.696592] Optimizing module top.
[00007.059055] 
[00007.059060] 2.2. Executing OPT_MERGE pass (detect identical cells).
[00007.059267] Finding identical cells in module `\top'.
[00007.200429] Removed a total of 0 cells.
[00007.200438] 
[00007.200439] 2.3. Executing OPT_MUXTREE pass (detect dead branches in mux trees).
[00007.200463] Running muxtree optimizer on module \top..
[00007.200464]   Creating internal representation of mux trees.
[00007.294123]   No muxes found in this module.
[00007.294934] Removed 0 multiplexer ports.
[00007.294941] 
[00007.294942] 2.4. Executing OPT_REDUCE pass (consolidate $*mux and $reduce_* inputs).
[00007.294961]   Optimizing cells in module \top.
[00007.458601] Performed a total of 0 changes.
[00007.458611] 
[00007.458613] 2.5. Executing OPT_MERGE pass (detect identical cells).
[00007.458835] Finding identical cells in module `\top'.
[00007.598115] Removed a total of 0 cells.
[00007.598123] 
[00007.598125] 2.6. Executing OPT_SHARE pass.
[00008.331540] 
[00008.331544] 2.7. Executing OPT_DFF pass (perform DFF optimizations).
[00009.002157] 
[00009.002163] 2.8. Executing OPT_CLEAN pass (remove unused cells and wires).
[00009.002769] Finding unused cells or wires in module \top..
[00009.959248] 
[00009.959252] 2.9. Executing OPT_EXPR pass (perform const folding).
[00009.959473] Optimizing module top.
[00011.511082] 
[00011.511088] 2.10. Finished fast OPT passes. (There is nothing left to do.)
[00011.635276] 
[00011.635280] 3. Executing JSON backend.

End of script. Logfile hash: 4a67dd899f, CPU: user 13.73s system 0.67s, MEM: 4089.22 MB peak
Yosys 0.59+134 (git sha1 34fa8a4ff, clang++ 17.0.0 -fPIC -O3)
Time spent:
   39%     2 calls    5.693 sec read_json
   19%     2 calls    2.714 sec opt_expr
   18%     2 calls    2.624 sec write_json
    6%     1 calls    0.957 sec opt_clean
    5%     1 calls    0.732 sec opt_share
    4%     1 calls    0.670 sec opt_dff
    1%     2 calls    0.281 sec opt_merge
    1%     1 calls    0.201 sec opt
    1%     1 calls    0.164 sec opt_reduce
    0%     1 calls    0.110 sec id_gc
    0%     1 calls    0.094 sec opt_muxtree
