[00000.000000] 
[00000.000008]  /----------------------------------------------------------------------------\
[00000.000008]  |  yosys -- Yosys Open SYnthesis Suite                                       |
[00000.000009]  |  Copyright (C) 2012 - 2025  Claire Xenia Wolf <claire@yosyshq.com>         |
[00000.000009]  |  Distributed under an ISC-like license, type "license" to see terms        |
[00000.000009]  \----------------------------------------------------------------------------/
[00000.000010]  Yosys 0.59+134 (git sha1 34fa8a4ff, clang++ 17.0.0 -fPIC -O3)
[00000.000375] 
[00000.000378] -- Running command `read_json "/Users/jiaheng/FDU_files/Tao_group/partition_with_cycle_detection/Implement/Parallelized Technology Mapping to General PLBs by Adaptive Circuit Partitioning/yosys_profile/current.json"; write_json "/Users/jiaheng/FDU_files/Tao_group/partition_with_cycle_detection/Implement/Parallelized Technology Mapping to General PLBs by Adaptive Circuit Partitioning/yosys_profile/current.json"' --
[00000.000384] 
[00000.000385] 1. Executing JSON frontend.
[00003.842553] Importing module top from JSON tree.
[00005.714029] 
[00005.714037] 2. Executing JSON backend.

End of script. Logfile hash: 50e13b5694, CPU: user 7.83s system 0.59s, MEM: 3660.61 MB peak
Yosys 0.59+134 (git sha1 34fa8a4ff, clang++ 17.0.0 -fPIC -O3)
Time spent:
   69%     2 calls    5.709 sec read_json
   30%     2 calls    2.558 sec write_json
    0%     0 calls    0.000 sec id_gc
