[00000.000000] 
[00000.000009]  /----------------------------------------------------------------------------\
[00000.000010]  |  yosys -- Yosys Open SYnthesis Suite                                       |
[00000.000010]  |  Copyright (C) 2012 - 2025  Claire Xenia Wolf <claire@yosyshq.com>         |
[00000.000011]  |  Distributed under an ISC-like license, type "license" to see terms        |
[00000.000011]  \----------------------------------------------------------------------------/
[00000.000012]  Yosys 0.59+134 (git sha1 34fa8a4ff, clang++ 17.0.0 -fPIC -O3)
[00000.000373] 
[00000.000376] -- Running command `read_json "/Users/jiaheng/FDU_files/Tao_group/partition_with_cycle_detection/Implement/Parallelized Technology Mapping to General PLBs by Adaptive Circuit Partitioning/yosys_profile/current.json"; abc -fast; write_json "/Users/jiaheng/FDU_files/Tao_group/partition_with_cycle_detection/Implement/Parallelized Technology Mapping to General PLBs by Adaptive Circuit Partitioning/yosys_profile/current.json"' --
[00000.000382] 
[00000.000383] 1. Executing JSON frontend.
[00003.913715] Importing module top from JSON tree.
[00005.818745] 
[00005.818750] 2. Executing ABC pass (technology mapping using ABC).
[00005.876689] 
[00005.876697] 2.1. Extracting gate netlist of module `\top' to `<abc-temp-dir>/input.blif'..
[00005.915647] Don't call ABC as there is nothing to map.
[00005.915650] 
[00005.915651] 2.1.1. Executed ABC.
[00005.915905] Extracted 0 gates and 0 wires to a netlist network with 0 inputs and 0 outputs.
[00005.915907] Removing temp directory.
[00005.916100] Removing global temp directory.
[00005.919891] 
[00005.919892] 3. Executing JSON backend.

End of script. Logfile hash: ea09ce656e, CPU: user 7.99s system 0.61s, MEM: 3664.12 MB peak
Yosys 0.59+134 (git sha1 34fa8a4ff, clang++ 17.0.0 -fPIC -O3)
Time spent:
   68%     2 calls    5.814 sec read_json
   30%     2 calls    2.535 sec write_json
    1%     1 calls    0.097 sec abc
    0%     0 calls    0.000 sec id_gc
