[00000.000000] 
[00000.000009]  /----------------------------------------------------------------------------\
[00000.000010]  |  yosys -- Yosys Open SYnthesis Suite                                       |
[00000.000010]  |  Copyright (C) 2012 - 2025  Claire Xenia Wolf <claire@yosyshq.com>         |
[00000.000011]  |  Distributed under an ISC-like license, type "license" to see terms        |
[00000.000011]  \----------------------------------------------------------------------------/
[00000.000012]  Yosys 0.59+134 (git sha1 34fa8a4ff, clang++ 17.0.0 -fPIC -O3)
[00000.000399] 
[00000.000402] -- Running command `read_json "/Users/jiaheng/FDU_files/Tao_group/partition_with_cycle_detection/Implement/Parallelized Technology Mapping to General PLBs by Adaptive Circuit Partitioning/yosys_profile/current.json"; opt -fast; write_json "/Users/jiaheng/FDU_files/Tao_group/partition_with_cycle_detection/Implement/Parallelized Technology Mapping to General PLBs by Adaptive Circuit Partitioning/yosys_profile/current.json"' --
[00000.000408] 
[00000.000409] 1. Executing JSON frontend.
[00003.184202] Importing module top from JSON tree.
[00004.462033] 
[00004.462038] 2. Executing OPT pass (performing simple optimizations).
[00004.462078] 
[00004.462079] 2.1. Executing OPT_EXPR pass (perform const folding).
[00004.462618] Optimizing module top.
[00005.386858] 
[00005.386863] 2.2. Executing OPT_MERGE pass (detect identical cells).
[00005.387075] Finding identical cells in module `\top'.
[00005.480185] Removed a total of 0 cells.
[00005.480195] 
[00005.480196] 2.3. Executing OPT_DFF pass (perform DFF optimizations).
[00006.133671] 
[00006.133676] 2.4. Executing OPT_CLEAN pass (remove unused cells and wires).
[00006.134195] Finding unused cells or wires in module \top..
[00007.092472] 
[00007.092476] 2.5. Finished fast OPT passes.
[00007.206974] 
[00007.206977] 3. Executing JSON backend.

End of script. Logfile hash: 43e282762c, CPU: user 8.23s system 0.58s, MEM: 3256.61 MB peak
Yosys 0.59+134 (git sha1 34fa8a4ff, clang++ 17.0.0 -fPIC -O3)
Time spent:
   49%     2 calls    4.362 sec read_json
   18%     2 calls    1.635 sec write_json
   10%     1 calls    0.924 sec opt_expr
    9%     1 calls    0.848 sec opt_clean
    7%     1 calls    0.653 sec opt_dff
    1%     1 calls    0.110 sec opt
    1%     1 calls    0.101 sec id_gc
    1%     1 calls    0.093 sec opt_merge
