[00000.000000] 
[00000.000009]  /----------------------------------------------------------------------------\
[00000.000010]  |  yosys -- Yosys Open SYnthesis Suite                                       |
[00000.000010]  |  Copyright (C) 2012 - 2025  Claire Xenia Wolf <claire@yosyshq.com>         |
[00000.000011]  |  Distributed under an ISC-like license, type "license" to see terms        |
[00000.000011]  \----------------------------------------------------------------------------/
[00000.000012]  Yosys 0.59+134 (git sha1 34fa8a4ff, clang++ 17.0.0 -fPIC -O3)
[00000.000373] 
[00000.000376] -- Running command `read_json "/Users/jiaheng/FDU_files/Tao_group/partition_with_cycle_detection/Implement/Parallelized Technology Mapping to General PLBs by Adaptive Circuit Partitioning/yosys_profile/current.json"; hierarchy -check; write_json "/Users/jiaheng/FDU_files/Tao_group/partition_with_cycle_detection/Implement/Parallelized Technology Mapping to General PLBs by Adaptive Circuit Partitioning/yosys_profile/current.json"' --
[00000.000382] 
[00000.000383] 1. Executing JSON frontend.
[00001.048501] Importing module top from JSON tree.
[00001.411084] 
[00001.411088] 2. Executing HIERARCHY pass (managing design hierarchy).
[00001.411127] Attribute `top' found on module `top'. Setting top module to top.
[00001.411136] 
[00001.411136] 2.1. Analyzing design hierarchy..
[00001.411145] Top module:  \top
[00001.425152] 
[00001.425154] 2.2. Analyzing design hierarchy..
[00001.425171] Top module:  \top
[00001.429527] Removed 0 unused modules.
[00001.444515] 
[00001.444518] 3. Executing JSON backend.

End of script. Logfile hash: 1647b8edc7, CPU: user 1.83s system 0.16s, MEM: 1056.95 MB peak
Yosys 0.59+134 (git sha1 34fa8a4ff, clang++ 17.0.0 -fPIC -O3)
Time spent:
   71%     2 calls    1.408 sec read_json
   26%     2 calls    0.521 sec write_json
    1%     1 calls    0.032 sec hierarchy
    0%     0 calls    0.000 sec id_gc
