[00000.000000] 
[00000.000008]  /----------------------------------------------------------------------------\
[00000.000008]  |  yosys -- Yosys Open SYnthesis Suite                                       |
[00000.000010]  |  Copyright (C) 2012 - 2025  Claire Xenia Wolf <claire@yosyshq.com>         |
[00000.000010]  |  Distributed under an ISC-like license, type "license" to see terms        |
[00000.000011]  \----------------------------------------------------------------------------/
[00000.000012]  Yosys 0.59+134 (git sha1 34fa8a4ff, clang++ 17.0.0 -fPIC -O3)
[00000.000371] 
[00000.000374] -- Running command `read_json "/Users/jiaheng/FDU_files/Tao_group/partition_with_cycle_detection/Implement/Parallelized Technology Mapping to General PLBs by Adaptive Circuit Partitioning/yosys_profile/current.json"; write_json "/Users/jiaheng/FDU_files/Tao_group/partition_with_cycle_detection/Implement/Parallelized Technology Mapping to General PLBs by Adaptive Circuit Partitioning/yosys_profile/current.json"' --
[00000.000382] 
[00000.000384] 1. Executing JSON frontend.
[00001.045021] Importing module top from JSON tree.
[00001.415954] 
[00001.415959] 2. Executing JSON backend.

End of script. Logfile hash: 50e13b5694, CPU: user 1.82s system 0.16s, MEM: 1056.89 MB peak
Yosys 0.59+134 (git sha1 34fa8a4ff, clang++ 17.0.0 -fPIC -O3)
Time spent:
   72%     2 calls    1.414 sec read_json
   27%     2 calls    0.531 sec write_json
    0%     0 calls    0.000 sec id_gc
