[00000.000000] 
[00000.000008]  /----------------------------------------------------------------------------\
[00000.000009]  |  yosys -- Yosys Open SYnthesis Suite                                       |
[00000.000009]  |  Copyright (C) 2012 - 2025  Claire Xenia Wolf <claire@yosyshq.com>         |
[00000.000010]  |  Distributed under an ISC-like license, type "license" to see terms        |
[00000.000010]  \----------------------------------------------------------------------------/
[00000.000011]  Yosys 0.59+134 (git sha1 34fa8a4ff, clang++ 17.0.0 -fPIC -O3)
[00000.000379] 
[00000.000382] -- Running command `read_json "/Users/jiaheng/FDU_files/Tao_group/partition_with_cycle_detection/Implement/Parallelized Technology Mapping to General PLBs by Adaptive Circuit Partitioning/yosys_profile/current.json"; check; write_json "/Users/jiaheng/FDU_files/Tao_group/partition_with_cycle_detection/Implement/Parallelized Technology Mapping to General PLBs by Adaptive Circuit Partitioning/yosys_profile/current.json"' --
[00000.000387] 
[00000.000389] 1. Executing JSON frontend.
[00001.063827] Importing module top from JSON tree.
[00001.466240] 
[00001.466246] 2. Executing CHECK pass (checking for obvious problems).
[00001.466273] Checking module top...
[00001.704434] Found and reported 0 problems.
[00001.706308] 
[00001.706311] 3. Executing JSON backend.

End of script. Logfile hash: 2b928d3698, CPU: user 2.09s system 0.17s, MEM: 1175.91 MB peak
Yosys 0.59+134 (git sha1 34fa8a4ff, clang++ 17.0.0 -fPIC -O3)
Time spent:
   65%     2 calls    1.465 sec read_json
   23%     2 calls    0.527 sec write_json
   10%     1 calls    0.238 sec check
    0%     0 calls    0.000 sec id_gc
